# JRE version: Java(TM) SE Runtime Environment (7.0_79-b15) (build 1.7.0_79-b15)
# Java VM: Java HotSpot(TM) 64-Bit Server VM (24.79-b02 mixed mode linux-amd64 compressed oops)
Heap
 PSYoungGen      total 395776K, used 10821K [0x00000007d5500000, 0x0000000800000000, 0x0000000800000000)
  eden space 233472K, 0% used [0x00000007d5500000,0x00000007d5500000,0x00000007e3900000)
  from space 162304K, 6% used [0x00000007f6180000,0x00000007f6c115f0,0x0000000800000000)
  to   space 232960K, 0% used [0x00000007e3900000,0x00000007e3900000,0x00000007f1c80000)
 ParOldGen       total 320512K, used 320084K [0x0000000780000000, 0x0000000793900000, 0x00000007d5500000)
  object space 320512K, 99% used [0x0000000780000000,0x0000000793895270,0x0000000793900000)
 PSPermGen       total 62464K, used 61117K [0x0000000760000000, 0x0000000763d00000, 0x0000000780000000)
  object space 62464K, 97% used [0x0000000760000000,0x0000000763baf750,0x0000000763d00000)
GC Heap History (10 events):
Event: 9001,652 GC heap after
Heap after GC invocations=133 (full 29):
 PSYoungGen      total 567808K, used 87539K [0x00000007d5500000, 0x0000000800000000, 0x0000000800000000)
  eden space 480256K, 0% used [0x00000007d5500000,0x00000007d5500000,0x00000007f2a00000)
  from space 87552K, 99% used [0x00000007faa80000,0x00000007ffffce68,0x0000000800000000)
  to   space 109568K, 0% used [0x00000007f2a00000,0x00000007f2a00000,0x00000007f9500000)
 ParOldGen       total 320512K, used 67280K [0x0000000780000000, 0x0000000793900000, 0x00000007d5500000)
  object space 320512K, 20% used [0x0000000780000000,0x00000007841b4220,0x0000000793900000)
 PSPermGen       total 62464K, used 61115K [0x0000000760000000, 0x0000000763d00000, 0x0000000780000000)
  object space 62464K, 97% used [0x0000000760000000,0x0000000763baedc0,0x0000000763d00000)
}
Event: 9004,931 GC heap before
{Heap before GC invocations=134 (full 29):
 PSYoungGen      total 567808K, used 567795K [0x00000007d5500000, 0x0000000800000000, 0x0000000800000000)
  eden space 480256K, 100% used [0x00000007d5500000,0x00000007f2a00000,0x00000007f2a00000)
  from space 87552K, 99% used [0x00000007faa80000,0x00000007ffffce68,0x0000000800000000)
  to   space 109568K, 0% used [0x00000007f2a00000,0x00000007f2a00000,0x00000007f9500000)
 ParOldGen       total 320512K, used 67280K [0x0000000780000000, 0x0000000793900000, 0x00000007d5500000)
  object space 320512K, 20% used [0x0000000780000000,0x00000007841b4220,0x0000000793900000)
 PSPermGen       total 62464K, used 61115K [0x0000000760000000, 0x0000000763d00000, 0x0000000780000000)
  object space 62464K, 97% used [0x0000000760000000,0x0000000763baedc0,0x0000000763d00000)
Event: 9006,625 GC heap after
Heap after GC invocations=134 (full 29):
 PSYoungGen      total 589824K, used 109551K [0x00000007d5500000, 0x0000000800000000, 0x0000000800000000)
  eden space 480256K, 0% used [0x00000007d5500000,0x00000007d5500000,0x00000007f2a00000)
  from space 109568K, 99% used [0x00000007f2a00000,0x00000007f94fbec0,0x00000007f9500000)
  to   space 109568K, 0% used [0x00000007f9500000,0x00000007f9500000,0x0000000800000000)
 ParOldGen       total 320512K, used 77419K [0x0000000780000000, 0x0000000793900000, 0x00000007d5500000)
  object space 320512K, 24% used [0x0000000780000000,0x0000000784b9ad20,0x0000000793900000)
 PSPermGen       total 62464K, used 61115K [0x0000000760000000, 0x0000000763d00000, 0x0000000780000000)
  object space 62464K, 97% used [0x0000000760000000,0x0000000763baedc0,0x0000000763d00000)
}
Event: 9011,705 GC heap before
{Heap before GC invocations=135 (full 29):
 PSYoungGen      total 589824K, used 589807K [0x00000007d5500000, 0x0000000800000000, 0x0000000800000000)
  eden space 480256K, 100% used [0x00000007d5500000,0x00000007f2a00000,0x00000007f2a00000)
  from space 109568K, 99% used [0x00000007f2a00000,0x00000007f94fbec0,0x00000007f9500000)
  to   space 109568K, 0% used [0x00000007f9500000,0x00000007f9500000,0x0000000800000000)
 ParOldGen       total 320512K, used 77419K [0x0000000780000000, 0x0000000793900000, 0x00000007d5500000)
  object space 320512K, 24% used [0x0000000780000000,0x0000000784b9ad20,0x0000000793900000)
 PSPermGen       total 62464K, used 61118K [0x0000000760000000, 0x0000000763d00000, 0x0000000780000000)
  object space 62464K, 97% used [0x0000000760000000,0x0000000763baf970,0x0000000763d00000)
Event: 9014,319 GC heap after
Heap after GC invocations=135 (full 29):
 PSYoungGen      total 484352K, used 109562K [0x00000007d5500000, 0x0000000800000000, 0x0000000800000000)
  eden space 374784K, 0% used [0x00000007d5500000,0x00000007d5500000,0x00000007ec300000)
  from space 109568K, 99% used [0x00000007f9500000,0x00000007ffffea50,0x0000000800000000)
  to   space 162304K, 0% used [0x00000007ec300000,0x00000007ec300000,0x00000007f6180000)
 ParOldGen       total 320512K, used 111682K [0x0000000780000000, 0x0000000793900000, 0x00000007d5500000)
  object space 320512K, 34% used [0x0000000780000000,0x0000000786d10a48,0x0000000793900000)
 PSPermGen       total 62464K, used 61118K [0x0000000760000000, 0x0000000763d00000, 0x0000000780000000)
  object space 62464K, 97% used [0x0000000760000000,0x0000000763baf970,0x0000000763d00000)
}
Event: 9016,207 GC heap before
{Heap before GC invocations=136 (full 29):
 PSYoungGen      total 484352K, used 484346K [0x00000007d5500000, 0x0000000800000000, 0x0000000800000000)
  eden space 374784K, 100% used [0x00000007d5500000,0x00000007ec300000,0x00000007ec300000)
  from space 109568K, 99% used [0x00000007f9500000,0x00000007ffffea50,0x0000000800000000)
  to   space 162304K, 0% used [0x00000007ec300000,0x00000007ec300000,0x00000007f6180000)
 ParOldGen       total 320512K, used 111682K [0x0000000780000000, 0x0000000793900000, 0x00000007d5500000)
  object space 320512K, 34% used [0x0000000780000000,0x0000000786d10a48,0x0000000793900000)
 PSPermGen       total 62464K, used 61118K [0x0000000760000000, 0x0000000763d00000, 0x0000000780000000)
  object space 62464K, 97% used [0x0000000760000000,0x0000000763baf970,0x0000000763d00000)
Event: 9019,116 GC heap after
Heap after GC invocations=136 (full 29):
 PSYoungGen      total 537088K, used 162290K [0x00000007d5500000, 0x0000000800000000, 0x0000000800000000)
  eden space 374784K, 0% used [0x00000007d5500000,0x00000007d5500000,0x00000007ec300000)
  from space 162304K, 99% used [0x00000007ec300000,0x00000007f617c9f8,0x00000007f6180000)
  to   space 162304K, 0% used [0x00000007f6180000,0x00000007f6180000,0x0000000800000000)
 ParOldGen       total 320512K, used 193099K [0x0000000780000000, 0x0000000793900000, 0x00000007d5500000)
  object space 320512K, 60% used [0x0000000780000000,0x000000078bc92f98,0x0000000793900000)
 PSPermGen       total 62464K, used 61118K [0x0000000760000000, 0x0000000763d00000, 0x0000000780000000)
  object space 62464K, 97% used [0x0000000760000000,0x0000000763baf970,0x0000000763d00000)
}
Event: 9020,796 GC heap before
{Heap before GC invocations=137 (full 29):
 PSYoungGen      total 537088K, used 537074K [0x00000007d5500000, 0x0000000800000000, 0x0000000800000000)
  eden space 374784K, 100% used [0x00000007d5500000,0x00000007ec300000,0x00000007ec300000)
  from space 162304K, 99% used [0x00000007ec300000,0x00000007f617c9f8,0x00000007f6180000)
  to   space 162304K, 0% used [0x00000007f6180000,0x00000007f6180000,0x0000000800000000)
 ParOldGen       total 320512K, used 193099K [0x0000000780000000, 0x0000000793900000, 0x00000007d5500000)
  object space 320512K, 60% used [0x0000000780000000,0x000000078bc92f98,0x0000000793900000)
 PSPermGen       total 62464K, used 61118K [0x0000000760000000, 0x0000000763d00000, 0x0000000780000000)
  object space 62464K, 97% used [0x0000000760000000,0x0000000763baf970,0x0000000763d00000)
Event: 9022,850 GC heap after
Heap after GC invocations=137 (full 29):
 PSYoungGen      total 395776K, used 156907K [0x00000007d5500000, 0x0000000800000000, 0x0000000800000000)
  eden space 233472K, 0% used [0x00000007d5500000,0x00000007d5500000,0x00000007e3900000)
  from space 162304K, 96% used [0x00000007f6180000,0x00000007ffabaf58,0x0000000800000000)
  to   space 232960K, 0% used [0x00000007e3900000,0x00000007e3900000,0x00000007f1c80000)
 ParOldGen       total 320512K, used 257055K [0x0000000780000000, 0x0000000793900000, 0x00000007d5500000)
  object space 320512K, 80% used [0x0000000780000000,0x000000078fb07d98,0x0000000793900000)
 PSPermGen       total 62464K, used 61118K [0x0000000760000000, 0x0000000763d00000, 0x0000000780000000)
  object space 62464K, 97% used [0x0000000760000000,0x0000000763baf970,0x0000000763d00000)
}
Event: 9022,852 GC heap before
{Heap before GC invocations=138 (full 30):
 PSYoungGen      total 395776K, used 156907K [0x00000007d5500000, 0x0000000800000000, 0x0000000800000000)
  eden space 233472K, 0% used [0x00000007d5500000,0x00000007d5500000,0x00000007e3900000)
  from space 162304K, 96% used [0x00000007f6180000,0x00000007ffabaf58,0x0000000800000000)
  to   space 232960K, 0% used [0x00000007e3900000,0x00000007e3900000,0x00000007f1c80000)
 ParOldGen       total 320512K, used 257055K [0x0000000780000000, 0x0000000793900000, 0x00000007d5500000)
  object space 320512K, 80% used [0x0000000780000000,0x000000078fb07d98,0x0000000793900000)
 PSPermGen       total 62464K, used 61118K [0x0000000760000000, 0x0000000763d00000, 0x0000000780000000)
  object space 62464K, 97% used [0x0000000760000000,0x0000000763baf970,0x0000000763d00000)

