# JRE version: Java(TM) SE Runtime Environment (7.0_79-b15) (build 1.7.0_79-b15)
# Java VM: Java HotSpot(TM) 64-Bit Server VM (24.79-b02 mixed mode linux-amd64 compressed oops)
Heap
 PSYoungGen      total 500224K, used 39942K [0x00000007d5500000, 0x0000000800000000, 0x0000000800000000)
  eden space 402432K, 0% used [0x00000007d5500000,0x00000007d5500000,0x00000007ede00000)
  from space 97792K, 40% used [0x00000007fa080000,0x00000007fc781858,0x0000000800000000)
  to   space 148480K, 0% used [0x00000007ede00000,0x00000007ede00000,0x00000007f6f00000)
 ParOldGen       total 278528K, used 278133K [0x0000000780000000, 0x0000000791000000, 0x00000007d5500000)
  object space 278528K, 99% used [0x0000000780000000,0x0000000790f9d7a0,0x0000000791000000)
 PSPermGen       total 73216K, used 61078K [0x0000000760000000, 0x0000000764780000, 0x0000000780000000)
  object space 73216K, 83% used [0x0000000760000000,0x0000000763ba5ad0,0x0000000764780000)
GC Heap History (10 events):
Event: 490,465 GC heap after
Heap after GC invocations=55 (full 11):
 PSYoungGen      total 581632K, used 31858K [0x00000007d5500000, 0x00000007ff000000, 0x0000000800000000)
  eden space 476672K, 0% used [0x00000007d5500000,0x00000007d5500000,0x00000007f2680000)
  from space 104960K, 30% used [0x00000007f8980000,0x00000007fa89c9b8,0x00000007ff000000)
  to   space 101376K, 0% used [0x00000007f2680000,0x00000007f2680000,0x00000007f8980000)
 ParOldGen       total 278528K, used 74485K [0x0000000780000000, 0x0000000791000000, 0x00000007d5500000)
  object space 278528K, 26% used [0x0000000780000000,0x00000007848bd498,0x0000000791000000)
 PSPermGen       total 73216K, used 61092K [0x0000000760000000, 0x0000000764780000, 0x0000000780000000)
  object space 73216K, 83% used [0x0000000760000000,0x0000000763ba9290,0x0000000764780000)
}
Event: 492,902 GC heap before
{Heap before GC invocations=56 (full 11):
 PSYoungGen      total 581632K, used 508530K [0x00000007d5500000, 0x00000007ff000000, 0x0000000800000000)
  eden space 476672K, 100% used [0x00000007d5500000,0x00000007f2680000,0x00000007f2680000)
  from space 104960K, 30% used [0x00000007f8980000,0x00000007fa89c9b8,0x00000007ff000000)
  to   space 101376K, 0% used [0x00000007f2680000,0x00000007f2680000,0x00000007f8980000)
 ParOldGen       total 278528K, used 74485K [0x0000000780000000, 0x0000000791000000, 0x00000007d5500000)
  object space 278528K, 26% used [0x0000000780000000,0x00000007848bd498,0x0000000791000000)
 PSPermGen       total 73216K, used 61092K [0x0000000760000000, 0x0000000764780000, 0x0000000780000000)
  object space 73216K, 83% used [0x0000000760000000,0x0000000763ba9290,0x0000000764780000)
Event: 495,123 GC heap after
Heap after GC invocations=56 (full 11):
 PSYoungGen      total 578048K, used 64234K [0x00000007d5500000, 0x0000000800000000, 0x0000000800000000)
  eden space 476672K, 0% used [0x00000007d5500000,0x00000007d5500000,0x00000007f2680000)
  from space 101376K, 63% used [0x00000007f2680000,0x00000007f653ab88,0x00000007f8980000)
  to   space 103936K, 0% used [0x00000007f9a80000,0x00000007f9a80000,0x0000000800000000)
 ParOldGen       total 278528K, used 84163K [0x0000000780000000, 0x0000000791000000, 0x00000007d5500000)
  object space 278528K, 30% used [0x0000000780000000,0x0000000785230dd0,0x0000000791000000)
 PSPermGen       total 73216K, used 61092K [0x0000000760000000, 0x0000000764780000, 0x0000000780000000)
  object space 73216K, 83% used [0x0000000760000000,0x0000000763ba9290,0x0000000764780000)
}
Event: 499,556 GC heap before
{Heap before GC invocations=57 (full 11):
 PSYoungGen      total 578048K, used 540906K [0x00000007d5500000, 0x0000000800000000, 0x0000000800000000)
  eden space 476672K, 100% used [0x00000007d5500000,0x00000007f2680000,0x00000007f2680000)
  from space 101376K, 63% used [0x00000007f2680000,0x00000007f653ab88,0x00000007f8980000)
  to   space 103936K, 0% used [0x00000007f9a80000,0x00000007f9a80000,0x0000000800000000)
 ParOldGen       total 278528K, used 84163K [0x0000000780000000, 0x0000000791000000, 0x00000007d5500000)
  object space 278528K, 30% used [0x0000000780000000,0x0000000785230dd0,0x0000000791000000)
 PSPermGen       total 73216K, used 61092K [0x0000000760000000, 0x0000000764780000, 0x0000000780000000)
  object space 73216K, 83% used [0x0000000760000000,0x0000000763ba92d0,0x0000000764780000)
Event: 502,149 GC heap after
Heap after GC invocations=57 (full 11):
 PSYoungGen      total 589312K, used 38922K [0x00000007d5500000, 0x00000007ff780000, 0x0000000800000000)
  eden space 494080K, 0% used [0x00000007d5500000,0x00000007d5500000,0x00000007f3780000)
  from space 95232K, 40% used [0x00000007f9a80000,0x00000007fc082890,0x00000007ff780000)
  to   space 98304K, 0% used [0x00000007f3780000,0x00000007f3780000,0x00000007f9780000)
 ParOldGen       total 278528K, used 106217K [0x0000000780000000, 0x0000000791000000, 0x00000007d5500000)
  object space 278528K, 38% used [0x0000000780000000,0x00000007867ba600,0x0000000791000000)
 PSPermGen       total 73216K, used 61092K [0x0000000760000000, 0x0000000764780000, 0x0000000780000000)
  object space 73216K, 83% used [0x0000000760000000,0x0000000763ba92d0,0x0000000764780000)
}
Event: 507,893 GC heap before
{Heap before GC invocations=58 (full 11):
 PSYoungGen      total 589312K, used 533002K [0x00000007d5500000, 0x00000007ff780000, 0x0000000800000000)
  eden space 494080K, 100% used [0x00000007d5500000,0x00000007f3780000,0x00000007f3780000)
  from space 95232K, 40% used [0x00000007f9a80000,0x00000007fc082890,0x00000007ff780000)
  to   space 98304K, 0% used [0x00000007f3780000,0x00000007f3780000,0x00000007f9780000)
 ParOldGen       total 278528K, used 106217K [0x0000000780000000, 0x0000000791000000, 0x00000007d5500000)
  object space 278528K, 38% used [0x0000000780000000,0x00000007867ba600,0x0000000791000000)
 PSPermGen       total 73216K, used 61093K [0x0000000760000000, 0x0000000764780000, 0x0000000780000000)
  object space 73216K, 83% used [0x0000000760000000,0x0000000763ba9440,0x0000000764780000)
Event: 511,088 GC heap after
Heap after GC invocations=58 (full 11):
 PSYoungGen      total 592384K, used 54684K [0x00000007d5500000, 0x0000000800000000, 0x0000000800000000)
  eden space 494080K, 0% used [0x00000007d5500000,0x00000007d5500000,0x00000007f3780000)
  from space 98304K, 55% used [0x00000007f3780000,0x00000007f6ce73b8,0x00000007f9780000)
  to   space 97792K, 0% used [0x00000007fa080000,0x00000007fa080000,0x0000000800000000)
 ParOldGen       total 278528K, used 135797K [0x0000000780000000, 0x0000000791000000, 0x00000007d5500000)
  object space 278528K, 48% used [0x0000000780000000,0x000000078849d6a8,0x0000000791000000)
 PSPermGen       total 73216K, used 61093K [0x0000000760000000, 0x0000000764780000, 0x0000000780000000)
  object space 73216K, 83% used [0x0000000760000000,0x0000000763ba9440,0x0000000764780000)
}
Event: 514,412 GC heap before
{Heap before GC invocations=59 (full 11):
 PSYoungGen      total 592384K, used 548764K [0x00000007d5500000, 0x0000000800000000, 0x0000000800000000)
  eden space 494080K, 100% used [0x00000007d5500000,0x00000007f3780000,0x00000007f3780000)
  from space 98304K, 55% used [0x00000007f3780000,0x00000007f6ce73b8,0x00000007f9780000)
  to   space 97792K, 0% used [0x00000007fa080000,0x00000007fa080000,0x0000000800000000)
 ParOldGen       total 278528K, used 135797K [0x0000000780000000, 0x0000000791000000, 0x00000007d5500000)
  object space 278528K, 48% used [0x0000000780000000,0x000000078849d6a8,0x0000000791000000)
 PSPermGen       total 73216K, used 61093K [0x0000000760000000, 0x0000000764780000, 0x0000000780000000)
  object space 73216K, 83% used [0x0000000760000000,0x0000000763ba94e8,0x0000000764780000)
Event: 522,174 GC heap after
Heap after GC invocations=59 (full 11):
 PSYoungGen      total 500224K, used 97784K [0x00000007d5500000, 0x0000000800000000, 0x0000000800000000)
  eden space 402432K, 0% used [0x00000007d5500000,0x00000007d5500000,0x00000007ede00000)
  from space 97792K, 99% used [0x00000007fa080000,0x00000007ffffe280,0x0000000800000000)
  to   space 148480K, 0% used [0x00000007ede00000,0x00000007ede00000,0x00000007f6f00000)
 ParOldGen       total 278528K, used 233018K [0x0000000780000000, 0x0000000791000000, 0x00000007d5500000)
  object space 278528K, 83% used [0x0000000780000000,0x000000078e38ea78,0x0000000791000000)
 PSPermGen       total 73216K, used 61093K [0x0000000760000000, 0x0000000764780000, 0x0000000780000000)
  object space 73216K, 83% used [0x0000000760000000,0x0000000763ba94e8,0x0000000764780000)
}
Event: 522,177 GC heap before
{Heap before GC invocations=60 (full 12):
 PSYoungGen      total 500224K, used 97784K [0x00000007d5500000, 0x0000000800000000, 0x0000000800000000)
  eden space 402432K, 0% used [0x00000007d5500000,0x00000007d5500000,0x00000007ede00000)
  from space 97792K, 99% used [0x00000007fa080000,0x00000007ffffe280,0x0000000800000000)
  to   space 148480K, 0% used [0x00000007ede00000,0x00000007ede00000,0x00000007f6f00000)
 ParOldGen       total 278528K, used 233018K [0x0000000780000000, 0x0000000791000000, 0x00000007d5500000)
  object space 278528K, 83% used [0x0000000780000000,0x000000078e38ea78,0x0000000791000000)
 PSPermGen       total 73216K, used 61093K [0x0000000760000000, 0x0000000764780000, 0x0000000780000000)
  object space 73216K, 83% used [0x0000000760000000,0x0000000763ba94e8,0x0000000764780000)

