# JRE version: Java(TM) SE Runtime Environment (7.0_79-b15) (build 1.7.0_79-b15)
# Java VM: Java HotSpot(TM) 64-Bit Server VM (24.79-b02 mixed mode linux-amd64 compressed oops)
Heap
 PSYoungGen      total 433152K, used 3508K [0x00000007d5500000, 0x0000000800000000, 0x0000000800000000)
  eden space 233472K, 0% used [0x00000007d5500000,0x00000007d5500000,0x00000007e3900000)
  from space 199680K, 1% used [0x00000007f3d00000,0x00000007f406d388,0x0000000800000000)
  to   space 232960K, 0% used [0x00000007e3900000,0x00000007e3900000,0x00000007f1c80000)
 ParOldGen       total 361472K, used 361170K [0x0000000780000000, 0x0000000796100000, 0x00000007d5500000)
  object space 361472K, 99% used [0x0000000780000000,0x00000007960b49f0,0x0000000796100000)
 PSPermGen       total 84480K, used 63378K [0x0000000760000000, 0x0000000765280000, 0x0000000780000000)
  object space 84480K, 75% used [0x0000000760000000,0x0000000763de49f0,0x0000000765280000)
GC Heap History (10 events):
Event: 1171,769 GC heap after
Heap after GC invocations=47 (full 11):
 PSYoungGen      total 395776K, used 9657K [0x00000007d5500000, 0x00000007fd800000, 0x0000000800000000)
  eden space 296448K, 0% used [0x00000007d5500000,0x00000007d5500000,0x00000007e7680000)
  from space 99328K, 9% used [0x00000007f0780000,0x00000007f10ee7b0,0x00000007f6880000)
  to   space 148480K, 0% used [0x00000007e7680000,0x00000007e7680000,0x00000007f0780000)
 ParOldGen       total 361472K, used 247960K [0x0000000780000000, 0x0000000796100000, 0x00000007d5500000)
  object space 361472K, 68% used [0x0000000780000000,0x000000078f226318,0x0000000796100000)
 PSPermGen       total 84480K, used 63351K [0x0000000760000000, 0x0000000765280000, 0x0000000780000000)
  object space 84480K, 74% used [0x0000000760000000,0x0000000763dddeb0,0x0000000765280000)
}
Event: 1175,047 GC heap before
{Heap before GC invocations=48 (full 11):
 PSYoungGen      total 395776K, used 306105K [0x00000007d5500000, 0x00000007fd800000, 0x0000000800000000)
  eden space 296448K, 100% used [0x00000007d5500000,0x00000007e7680000,0x00000007e7680000)
  from space 99328K, 9% used [0x00000007f0780000,0x00000007f10ee7b0,0x00000007f6880000)
  to   space 148480K, 0% used [0x00000007e7680000,0x00000007e7680000,0x00000007f0780000)
 ParOldGen       total 361472K, used 247960K [0x0000000780000000, 0x0000000796100000, 0x00000007d5500000)
  object space 361472K, 68% used [0x0000000780000000,0x000000078f226318,0x0000000796100000)
 PSPermGen       total 84480K, used 63359K [0x0000000760000000, 0x0000000765280000, 0x0000000780000000)
  object space 84480K, 74% used [0x0000000760000000,0x0000000763ddfe18,0x0000000765280000)
Event: 1175,554 GC heap after
Heap after GC invocations=48 (full 11):
 PSYoungGen      total 444928K, used 91647K [0x00000007d5500000, 0x00000007fd080000, 0x0000000800000000)
  eden space 296448K, 0% used [0x00000007d5500000,0x00000007d5500000,0x00000007e7680000)
  from space 148480K, 61% used [0x00000007e7680000,0x00000007ecfffe38,0x00000007f0780000)
  to   space 153600K, 0% used [0x00000007f3a80000,0x00000007f3a80000,0x00000007fd080000)
 ParOldGen       total 361472K, used 247960K [0x0000000780000000, 0x0000000796100000, 0x00000007d5500000)
  object space 361472K, 68% used [0x0000000780000000,0x000000078f226318,0x0000000796100000)
 PSPermGen       total 84480K, used 63359K [0x0000000760000000, 0x0000000765280000, 0x0000000780000000)
  object space 84480K, 74% used [0x0000000760000000,0x0000000763ddfe18,0x0000000765280000)
}
Event: 1181,137 GC heap before
{Heap before GC invocations=49 (full 11):
 PSYoungGen      total 444928K, used 388095K [0x00000007d5500000, 0x00000007fd080000, 0x0000000800000000)
  eden space 296448K, 100% used [0x00000007d5500000,0x00000007e7680000,0x00000007e7680000)
  from space 148480K, 61% used [0x00000007e7680000,0x00000007ecfffe38,0x00000007f0780000)
  to   space 153600K, 0% used [0x00000007f3a80000,0x00000007f3a80000,0x00000007fd080000)
 ParOldGen       total 361472K, used 247960K [0x0000000780000000, 0x0000000796100000, 0x00000007d5500000)
  object space 361472K, 68% used [0x0000000780000000,0x000000078f226318,0x0000000796100000)
 PSPermGen       total 84480K, used 63365K [0x0000000760000000, 0x0000000765280000, 0x0000000780000000)
  object space 84480K, 75% used [0x0000000760000000,0x0000000763de1410,0x0000000765280000)
Event: 1181,659 GC heap after
Heap after GC invocations=49 (full 11):
 PSYoungGen      total 493056K, used 93186K [0x00000007d5500000, 0x00000007fd780000, 0x0000000800000000)
  eden space 339456K, 0% used [0x00000007d5500000,0x00000007d5500000,0x00000007ea080000)
  from space 153600K, 60% used [0x00000007f3a80000,0x00000007f9580a40,0x00000007fd080000)
  to   space 157696K, 0% used [0x00000007ea080000,0x00000007ea080000,0x00000007f3a80000)
 ParOldGen       total 361472K, used 247960K [0x0000000780000000, 0x0000000796100000, 0x00000007d5500000)
  object space 361472K, 68% used [0x0000000780000000,0x000000078f226318,0x0000000796100000)
 PSPermGen       total 84480K, used 63365K [0x0000000760000000, 0x0000000765280000, 0x0000000780000000)
  object space 84480K, 75% used [0x0000000760000000,0x0000000763de1410,0x0000000765280000)
}
Event: 1188,739 GC heap before
{Heap before GC invocations=50 (full 11):
 PSYoungGen      total 493056K, used 432642K [0x00000007d5500000, 0x00000007fd780000, 0x0000000800000000)
  eden space 339456K, 100% used [0x00000007d5500000,0x00000007ea080000,0x00000007ea080000)
  from space 153600K, 60% used [0x00000007f3a80000,0x00000007f9580a40,0x00000007fd080000)
  to   space 157696K, 0% used [0x00000007ea080000,0x00000007ea080000,0x00000007f3a80000)
 ParOldGen       total 361472K, used 247960K [0x0000000780000000, 0x0000000796100000, 0x00000007d5500000)
  object space 361472K, 68% used [0x0000000780000000,0x000000078f226318,0x0000000796100000)
 PSPermGen       total 84480K, used 63374K [0x0000000760000000, 0x0000000765280000, 0x0000000780000000)
  object space 84480K, 75% used [0x0000000760000000,0x0000000763de3820,0x0000000765280000)
Event: 1189,817 GC heap after
Heap after GC invocations=50 (full 11):
 PSYoungGen      total 497152K, used 157668K [0x00000007d5500000, 0x0000000800000000, 0x0000000800000000)
  eden space 339456K, 0% used [0x00000007d5500000,0x00000007d5500000,0x00000007ea080000)
  from space 157696K, 99% used [0x00000007ea080000,0x00000007f3a791b0,0x00000007f3a80000)
  to   space 199680K, 0% used [0x00000007f3d00000,0x00000007f3d00000,0x0000000800000000)
 ParOldGen       total 361472K, used 290256K [0x0000000780000000, 0x0000000796100000, 0x00000007d5500000)
  object space 361472K, 80% used [0x0000000780000000,0x0000000791b74320,0x0000000796100000)
 PSPermGen       total 84480K, used 63374K [0x0000000760000000, 0x0000000765280000, 0x0000000780000000)
  object space 84480K, 75% used [0x0000000760000000,0x0000000763de3820,0x0000000765280000)
}
Event: 1193,853 GC heap before
{Heap before GC invocations=51 (full 11):
 PSYoungGen      total 497152K, used 497124K [0x00000007d5500000, 0x0000000800000000, 0x0000000800000000)
  eden space 339456K, 100% used [0x00000007d5500000,0x00000007ea080000,0x00000007ea080000)
  from space 157696K, 99% used [0x00000007ea080000,0x00000007f3a791b0,0x00000007f3a80000)
  to   space 199680K, 0% used [0x00000007f3d00000,0x00000007f3d00000,0x0000000800000000)
 ParOldGen       total 361472K, used 290256K [0x0000000780000000, 0x0000000796100000, 0x00000007d5500000)
  object space 361472K, 80% used [0x0000000780000000,0x0000000791b74320,0x0000000796100000)
 PSPermGen       total 84480K, used 63378K [0x0000000760000000, 0x0000000765280000, 0x0000000780000000)
  object space 84480K, 75% used [0x0000000760000000,0x0000000763de4ab0,0x0000000765280000)
Event: 1196,506 GC heap after
Heap after GC invocations=51 (full 11):
 PSYoungGen      total 433152K, used 199673K [0x00000007d5500000, 0x0000000800000000, 0x0000000800000000)
  eden space 233472K, 0% used [0x00000007d5500000,0x00000007d5500000,0x00000007e3900000)
  from space 199680K, 99% used [0x00000007f3d00000,0x00000007ffffe578,0x0000000800000000)
  to   space 232960K, 0% used [0x00000007e3900000,0x00000007e3900000,0x00000007f1c80000)
 ParOldGen       total 361472K, used 315636K [0x0000000780000000, 0x0000000796100000, 0x00000007d5500000)
  object space 361472K, 87% used [0x0000000780000000,0x000000079343d248,0x0000000796100000)
 PSPermGen       total 84480K, used 63378K [0x0000000760000000, 0x0000000765280000, 0x0000000780000000)
  object space 84480K, 75% used [0x0000000760000000,0x0000000763de4ab0,0x0000000765280000)
}
Event: 1196,509 GC heap before
{Heap before GC invocations=52 (full 12):
 PSYoungGen      total 433152K, used 199673K [0x00000007d5500000, 0x0000000800000000, 0x0000000800000000)
  eden space 233472K, 0% used [0x00000007d5500000,0x00000007d5500000,0x00000007e3900000)
  from space 199680K, 99% used [0x00000007f3d00000,0x00000007ffffe578,0x0000000800000000)
  to   space 232960K, 0% used [0x00000007e3900000,0x00000007e3900000,0x00000007f1c80000)
 ParOldGen       total 361472K, used 315636K [0x0000000780000000, 0x0000000796100000, 0x00000007d5500000)
  object space 361472K, 87% used [0x0000000780000000,0x000000079343d248,0x0000000796100000)
 PSPermGen       total 84480K, used 63378K [0x0000000760000000, 0x0000000765280000, 0x0000000780000000)
  object space 84480K, 75% used [0x0000000760000000,0x0000000763de4ab0,0x0000000765280000)

