# JRE version: Java(TM) SE Runtime Environment (7.0_79-b15) (build 1.7.0_79-b15)
# Java VM: Java HotSpot(TM) 64-Bit Server VM (24.79-b02 mixed mode linux-amd64 compressed oops)
Heap
 PSYoungGen      total 492544K, used 0K [0x00000007d5500000, 0x0000000800000000, 0x0000000800000000)
  eden space 379904K, 0% used [0x00000007d5500000,0x00000007d5500000,0x00000007ec800000)
  from space 112640K, 0% used [0x00000007f9200000,0x00000007f9200000,0x0000000800000000)
  to   space 159744K, 0% used [0x00000007ec800000,0x00000007ec800000,0x00000007f6400000)
 ParOldGen       total 247296K, used 227582K [0x0000000780000000, 0x000000078f180000, 0x00000007d5500000)
  object space 247296K, 92% used [0x0000000780000000,0x000000078de3faf8,0x000000078f180000)
 PSPermGen       total 85504K, used 57222K [0x0000000760000000, 0x0000000765380000, 0x0000000780000000)
  object space 85504K, 66% used [0x0000000760000000,0x00000007637e1ae0,0x0000000765380000)
GC Heap History (10 events):
Event: 3339,820 GC heap after
Heap after GC invocations=33 (full 7):
 PSYoungGen      total 500736K, used 49644K [0x00000007d5500000, 0x00000007fb700000, 0x0000000800000000)
  eden space 451072K, 0% used [0x00000007d5500000,0x00000007d5500000,0x00000007f0d80000)
  from space 49664K, 99% used [0x00000007f5300000,0x00000007f837b250,0x00000007f8380000)
  to   space 71168K, 0% used [0x00000007f0d80000,0x00000007f0d80000,0x00000007f5300000)
 ParOldGen       total 88576K, used 88493K [0x0000000780000000, 0x0000000785680000, 0x00000007d5500000)
  object space 88576K, 99% used [0x0000000780000000,0x000000078566b420,0x0000000785680000)
 PSPermGen       total 91648K, used 57203K [0x0000000760000000, 0x0000000765980000, 0x0000000780000000)
  object space 91648K, 62% used [0x0000000760000000,0x00000007637dcfb8,0x0000000765980000)
}
Event: 3339,823 GC heap before
{Heap before GC invocations=34 (full 8):
 PSYoungGen      total 500736K, used 49644K [0x00000007d5500000, 0x00000007fb700000, 0x0000000800000000)
  eden space 451072K, 0% used [0x00000007d5500000,0x00000007d5500000,0x00000007f0d80000)
  from space 49664K, 99% used [0x00000007f5300000,0x00000007f837b250,0x00000007f8380000)
  to   space 71168K, 0% used [0x00000007f0d80000,0x00000007f0d80000,0x00000007f5300000)
 ParOldGen       total 88576K, used 88493K [0x0000000780000000, 0x0000000785680000, 0x00000007d5500000)
  object space 88576K, 99% used [0x0000000780000000,0x000000078566b420,0x0000000785680000)
 PSPermGen       total 91648K, used 57203K [0x0000000760000000, 0x0000000765980000, 0x0000000780000000)
  object space 91648K, 62% used [0x0000000760000000,0x00000007637dcfb8,0x0000000765980000)
Event: 3343,529 GC heap after
Heap after GC invocations=34 (full 8):
 PSYoungGen      total 500736K, used 19020K [0x00000007d5500000, 0x00000007fb700000, 0x0000000800000000)
  eden space 451072K, 0% used [0x00000007d5500000,0x00000007d5500000,0x00000007f0d80000)
  from space 49664K, 38% used [0x00000007f5300000,0x00000007f65933a8,0x00000007f8380000)
  to   space 71168K, 0% used [0x00000007f0d80000,0x00000007f0d80000,0x00000007f5300000)
 ParOldGen       total 138752K, used 88084K [0x0000000780000000, 0x0000000788780000, 0x00000007d5500000)
  object space 138752K, 63% used [0x0000000780000000,0x0000000785605350,0x0000000788780000)
 PSPermGen       total 89088K, used 57187K [0x0000000760000000, 0x0000000765700000, 0x0000000780000000)
  object space 89088K, 64% used [0x0000000760000000,0x00000007637d8c30,0x0000000765700000)
}
Event: 3360,299 GC heap before
{Heap before GC invocations=35 (full 8):
 PSYoungGen      total 500736K, used 470092K [0x00000007d5500000, 0x00000007fb700000, 0x0000000800000000)
  eden space 451072K, 100% used [0x00000007d5500000,0x00000007f0d80000,0x00000007f0d80000)
  from space 49664K, 38% used [0x00000007f5300000,0x00000007f65933a8,0x00000007f8380000)
  to   space 71168K, 0% used [0x00000007f0d80000,0x00000007f0d80000,0x00000007f5300000)
 ParOldGen       total 138752K, used 88084K [0x0000000780000000, 0x0000000788780000, 0x00000007d5500000)
  object space 138752K, 63% used [0x0000000780000000,0x0000000785605350,0x0000000788780000)
 PSPermGen       total 89088K, used 57207K [0x0000000760000000, 0x0000000765700000, 0x0000000780000000)
  object space 89088K, 64% used [0x0000000760000000,0x00000007637ddf70,0x0000000765700000)
Event: 3361,979 GC heap after
Heap after GC invocations=35 (full 8):
 PSYoungGen      total 522240K, used 71147K [0x00000007d5500000, 0x0000000800000000, 0x0000000800000000)
  eden space 451072K, 0% used [0x00000007d5500000,0x00000007d5500000,0x00000007f0d80000)
  from space 71168K, 99% used [0x00000007f0d80000,0x00000007f52fafb8,0x00000007f5300000)
  to   space 112640K, 0% used [0x00000007f9200000,0x00000007f9200000,0x0000000800000000)
 ParOldGen       total 166400K, used 166116K [0x0000000780000000, 0x000000078a280000, 0x00000007d5500000)
  object space 166400K, 99% used [0x0000000780000000,0x000000078a2393c0,0x000000078a280000)
 PSPermGen       total 89088K, used 57207K [0x0000000760000000, 0x0000000765700000, 0x0000000780000000)
  object space 89088K, 64% used [0x0000000760000000,0x00000007637ddf70,0x0000000765700000)
}
Event: 3361,991 GC heap before
{Heap before GC invocations=36 (full 9):
 PSYoungGen      total 522240K, used 71147K [0x00000007d5500000, 0x0000000800000000, 0x0000000800000000)
  eden space 451072K, 0% used [0x00000007d5500000,0x00000007d5500000,0x00000007f0d80000)
  from space 71168K, 99% used [0x00000007f0d80000,0x00000007f52fafb8,0x00000007f5300000)
  to   space 112640K, 0% used [0x00000007f9200000,0x00000007f9200000,0x0000000800000000)
 ParOldGen       total 166400K, used 166116K [0x0000000780000000, 0x000000078a280000, 0x00000007d5500000)
  object space 166400K, 99% used [0x0000000780000000,0x000000078a2393c0,0x000000078a280000)
 PSPermGen       total 89088K, used 57207K [0x0000000760000000, 0x0000000765700000, 0x0000000780000000)
  object space 89088K, 64% used [0x0000000760000000,0x00000007637ddf70,0x0000000765700000)
Event: 3365,785 GC heap after
Heap after GC invocations=36 (full 9):
 PSYoungGen      total 522240K, used 46072K [0x00000007d5500000, 0x0000000800000000, 0x0000000800000000)
  eden space 451072K, 0% used [0x00000007d5500000,0x00000007d5500000,0x00000007f0d80000)
  from space 71168K, 64% used [0x00000007f0d80000,0x00000007f3a7e2d8,0x00000007f5300000)
  to   space 112640K, 0% used [0x00000007f9200000,0x00000007f9200000,0x0000000800000000)
 ParOldGen       total 247296K, used 166285K [0x0000000780000000, 0x000000078f180000, 0x00000007d5500000)
  object space 247296K, 67% used [0x0000000780000000,0x000000078a263548,0x000000078f180000)
 PSPermGen       total 85504K, used 57207K [0x0000000760000000, 0x0000000765380000, 0x0000000780000000)
  object space 85504K, 66% used [0x0000000760000000,0x00000007637ddd10,0x0000000765380000)
}
Event: 3371,257 GC heap before
{Heap before GC invocations=37 (full 9):
 PSYoungGen      total 522240K, used 497144K [0x00000007d5500000, 0x0000000800000000, 0x0000000800000000)
  eden space 451072K, 100% used [0x00000007d5500000,0x00000007f0d80000,0x00000007f0d80000)
  from space 71168K, 64% used [0x00000007f0d80000,0x00000007f3a7e2d8,0x00000007f5300000)
  to   space 112640K, 0% used [0x00000007f9200000,0x00000007f9200000,0x0000000800000000)
 ParOldGen       total 247296K, used 166285K [0x0000000780000000, 0x000000078f180000, 0x00000007d5500000)
  object space 247296K, 67% used [0x0000000780000000,0x000000078a263548,0x000000078f180000)
 PSPermGen       total 85504K, used 57222K [0x0000000760000000, 0x0000000765380000, 0x0000000780000000)
  object space 85504K, 66% used [0x0000000760000000,0x00000007637e1ae0,0x0000000765380000)
Event: 3373,844 GC heap after
Heap after GC invocations=37 (full 9):
 PSYoungGen      total 492544K, used 112618K [0x00000007d5500000, 0x0000000800000000, 0x0000000800000000)
  eden space 379904K, 0% used [0x00000007d5500000,0x00000007d5500000,0x00000007ec800000)
  from space 112640K, 99% used [0x00000007f9200000,0x00000007ffffa860,0x0000000800000000)
  to   space 159744K, 0% used [0x00000007ec800000,0x00000007ec800000,0x00000007f6400000)
 ParOldGen       total 247296K, used 237517K [0x0000000780000000, 0x000000078f180000, 0x00000007d5500000)
  object space 247296K, 96% used [0x0000000780000000,0x000000078e7f3438,0x000000078f180000)
 PSPermGen       total 85504K, used 57222K [0x0000000760000000, 0x0000000765380000, 0x0000000780000000)
  object space 85504K, 66% used [0x0000000760000000,0x00000007637e1ae0,0x0000000765380000)
}
Event: 3373,846 GC heap before
{Heap before GC invocations=38 (full 10):
 PSYoungGen      total 492544K, used 112618K [0x00000007d5500000, 0x0000000800000000, 0x0000000800000000)
  eden space 379904K, 0% used [0x00000007d5500000,0x00000007d5500000,0x00000007ec800000)
  from space 112640K, 99% used [0x00000007f9200000,0x00000007ffffa860,0x0000000800000000)
  to   space 159744K, 0% used [0x00000007ec800000,0x00000007ec800000,0x00000007f6400000)
 ParOldGen       total 247296K, used 237517K [0x0000000780000000, 0x000000078f180000, 0x00000007d5500000)
  object space 247296K, 96% used [0x0000000780000000,0x000000078e7f3438,0x000000078f180000)
 PSPermGen       total 85504K, used 57222K [0x0000000760000000, 0x0000000765380000, 0x0000000780000000)
  object space 85504K, 66% used [0x0000000760000000,0x00000007637e1ae0,0x0000000765380000)

